0 info it worked if it ends with ok
1 verbose cli [
1 verbose cli   'C:\\Program Files\\nodejs\\node.exe',
1 verbose cli   'C:\\Users\\ASUS\\OneDrive\\Desktop\\KTVN\\Template\\Main Files\\node_modules\\npm\\bin\\npm-cli.js',
1 verbose cli   'run',
1 verbose cli   'generate',
1 verbose cli   'test'
1 verbose cli ]
2 info using npm@6.14.8
3 info using node@v12.19.0
4 verbose run-script [ 'pregenerate', 'generate', 'postgenerate' ]
5 info lifecycle rd_fronend@0.1.0~pregenerate: rd_fronend@0.1.0
6 info lifecycle rd_fronend@0.1.0~generate: rd_fronend@0.1.0
7 verbose lifecycle rd_fronend@0.1.0~generate: unsafe-perm in lifecycle true
8 verbose lifecycle rd_fronend@0.1.0~generate: PATH: C:\Users\ASUS\OneDrive\Desktop\KTVN\Template\Main Files\node_modules\npm\node_modules\npm-lifecycle\node-gyp-bin;C:\Users\ASUS\OneDrive\Desktop\New folder\RD-frontend\node_modules\.bin;C:\Windows\system32;C:\Windows;C:\Windows\System32\Wbem;C:\Windows\System32\WindowsPowerShell\v1.0\;C:\Windows\System32\OpenSSH\;C:\Program Files\NVIDIA Corporation\NVIDIA NvDLISR;C:\Program Files (x86)\NVIDIA Corporation\PhysX\Common;C:\WINDOWS\system32;C:\WINDOWS;C:\WINDOWS\System32\Wbem;C:\WINDOWS\System32\WindowsPowerShell\v1.0\;C:\WINDOWS\System32\OpenSSH\;C:\Program Files\Git\cmd;"C:\Users\ASUS\AppData\Roaming\npm;C:\Program Files\nodejs";C:\Program Files\dotnet\;C:\Users\ASUS\AppData\Local\Microsoft\WindowsApps;C:\Users\ASUS\.dotnet\tools;C:\Users\ASUS\AppData\Local\Programs\Microsoft VS Code\bin;C:\Users\ASUS\AppData\Local\atom\bin;"C:\Users\ASUS\AppData\Roaming\npm;C:\Program Files\nodejs";C:\Program Files\nodejs\;C:\Users\ASUS\.dotnet\tools;C:\Users\ASUS\AppData\Local\GitHubDesktop\bin
9 verbose lifecycle rd_fronend@0.1.0~generate: CWD: C:\Users\ASUS\OneDrive\Desktop\New folder\RD-frontend
10 silly lifecycle rd_fronend@0.1.0~generate: Args: [
10 silly lifecycle   '/d /s /c',
10 silly lifecycle   `cross-env TS_NODE_PROJECT='./internals/ts-node.tsconfig.json' plop --plopfile internals/generators/plopfile.ts "test"`
10 silly lifecycle ]
11 silly lifecycle rd_fronend@0.1.0~generate: Returned: code: 1  signal: null
12 info lifecycle rd_fronend@0.1.0~generate: Failed to exec generate script
13 verbose stack Error: rd_fronend@0.1.0 generate: `cross-env TS_NODE_PROJECT='./internals/ts-node.tsconfig.json' plop --plopfile internals/generators/plopfile.ts "test"`
13 verbose stack Exit status 1
13 verbose stack     at EventEmitter.<anonymous> (C:\Users\ASUS\OneDrive\Desktop\KTVN\Template\Main Files\node_modules\npm\node_modules\npm-lifecycle\index.js:332:16)
13 verbose stack     at EventEmitter.emit (events.js:314:20)
13 verbose stack     at ChildProcess.<anonymous> (C:\Users\ASUS\OneDrive\Desktop\KTVN\Template\Main Files\node_modules\npm\node_modules\npm-lifecycle\lib\spawn.js:55:14)
13 verbose stack     at ChildProcess.emit (events.js:314:20)
13 verbose stack     at maybeClose (internal/child_process.js:1021:16)
13 verbose stack     at Process.ChildProcess._handle.onexit (internal/child_process.js:286:5)
14 verbose pkgid rd_fronend@0.1.0
15 verbose cwd C:\Users\ASUS\OneDrive\Desktop\New folder\RD-frontend
16 verbose Windows_NT 10.0.19041
17 verbose argv "C:\\Program Files\\nodejs\\node.exe" "C:\\Users\\ASUS\\OneDrive\\Desktop\\KTVN\\Template\\Main Files\\node_modules\\npm\\bin\\npm-cli.js" "run" "generate" "test"
18 verbose node v12.19.0
19 verbose npm  v6.14.8
20 error code ELIFECYCLE
21 error errno 1
22 error rd_fronend@0.1.0 generate: `cross-env TS_NODE_PROJECT='./internals/ts-node.tsconfig.json' plop --plopfile internals/generators/plopfile.ts "test"`
22 error Exit status 1
23 error Failed at the rd_fronend@0.1.0 generate script.
23 error This is probably not a problem with npm. There is likely additional logging output above.
24 verbose exit [ 1, true ]
