0 info it worked if it ends with ok
1 verbose cli [
1 verbose cli   'C:\\Program Files\\nodejs\\node.exe',
1 verbose cli   'C:\\Users\\ASUS\\OneDrive\\Desktop\\KTVN\\Template\\Main Files\\node_modules\\npm\\bin\\npm-cli.js',
1 verbose cli   'run',
1 verbose cli   'prettify',
1 verbose cli   '--',
1 verbose cli   'C:\\Users\\ASUS\\OneDrive\\Desktop\\New folder\\RD-frontend\\src\\app\\containers/Data Declaration/**'
1 verbose cli ]
2 info using npm@6.14.8
3 info using node@v12.19.0
4 verbose run-script [ 'prettify' ]
5 info lifecycle rd_fronend@0.1.0~prettify: rd_fronend@0.1.0
6 verbose lifecycle rd_fronend@0.1.0~prettify: unsafe-perm in lifecycle true
7 verbose lifecycle rd_fronend@0.1.0~prettify: PATH: C:\Users\ASUS\OneDrive\Desktop\KTVN\Template\Main Files\node_modules\npm\node_modules\npm-lifecycle\node-gyp-bin;C:\Users\ASUS\OneDrive\Desktop\New folder\RD-frontend\node_modules\.bin;C:\Users\ASUS\AppData\Local\Temp\yarn--1608550218141-0.5183351697033165;C:\Users\ASUS\OneDrive\Desktop\New folder\RD-frontend\node_modules\.bin;C:\Users\ASUS\AppData\Local\Yarn\Data\link\node_modules\.bin;C:\Users\ASUS\OneDrive\Desktop\KTVN\Template\Main Files\bin;C:\Program Files\libexec\lib\node_modules\npm\bin\node-gyp-bin;C:\Program Files\lib\node_modules\npm\bin\node-gyp-bin;C:\Program Files\nodejs\node_modules\npm\bin\node-gyp-bin;C:\Users\ASUS\bin;C:\Program Files\Git\mingw64\bin;C:\Program Files\Git\usr\local\bin;C:\Program Files\Git\usr\bin;C:\Program Files\Git\usr\bin;C:\Program Files\Git\mingw64\bin;C:\Program Files\Git\usr\bin;C:\Users\ASUS\bin;C:\Windows\system32;C:\Windows;C:\Windows\System32\Wbem;C:\Windows\System32\WindowsPowerShell\v1.0;C:\Windows\System32\OpenSSH;C:\Program Files\NVIDIA Corporation\NVIDIA NvDLISR;C:\Program Files (x86)\NVIDIA Corporation\PhysX\Common;C:\WINDOWS\system32;C:\WINDOWS;C:\WINDOWS\System32\Wbem;C:\WINDOWS\System32\WindowsPowerShell\v1.0;C:\WINDOWS\System32\OpenSSH;C:\Program Files\Git\cmd;C:\Users\ASUS\AppData\Roaming\np;C:\Program Files\nodejs";C:\Program Files\dotnet;C:\Users\ASUS\AppData\Local\Microsoft\WindowsApps;C:\Users\ASUS\.dotnet\tools;C:\Users\ASUS\AppData\Local\Programs\Microsoft VS Code\bin;C:\Users\ASUS\AppData\Local\atom\bin;C:\Users\ASUS\AppData\Roaming\np;C:\Program Files\nodejs";C:\Program Files\nodejs;C:\Users\ASUS\.dotnet\tools;C:\Users\ASUS\AppData\Local\GitHubDesktop\bin;C:\Program Files\Git\usr\bin\vendor_perl;C:\Program Files\Git\usr\bin\core_perl
8 verbose lifecycle rd_fronend@0.1.0~prettify: CWD: C:\Users\ASUS\OneDrive\Desktop\New folder\RD-frontend
9 silly lifecycle rd_fronend@0.1.0~prettify: Args: [
9 silly lifecycle   '/d /s /c',
9 silly lifecycle   'prettier --write "C:\\Users\\ASUS\\OneDrive\\Desktop\\New folder\\RD-frontend\\src\\app\\containers/Data Declaration/**"'
9 silly lifecycle ]
10 silly lifecycle rd_fronend@0.1.0~prettify: Returned: code: 2  signal: null
11 info lifecycle rd_fronend@0.1.0~prettify: Failed to exec prettify script
12 verbose stack Error: rd_fronend@0.1.0 prettify: `prettier --write "C:\Users\ASUS\OneDrive\Desktop\New folder\RD-frontend\src\app\containers/Data Declaration/**"`
12 verbose stack Exit status 2
12 verbose stack     at EventEmitter.<anonymous> (C:\Users\ASUS\OneDrive\Desktop\KTVN\Template\Main Files\node_modules\npm\node_modules\npm-lifecycle\index.js:332:16)
12 verbose stack     at EventEmitter.emit (events.js:314:20)
12 verbose stack     at ChildProcess.<anonymous> (C:\Users\ASUS\OneDrive\Desktop\KTVN\Template\Main Files\node_modules\npm\node_modules\npm-lifecycle\lib\spawn.js:55:14)
12 verbose stack     at ChildProcess.emit (events.js:314:20)
12 verbose stack     at maybeClose (internal/child_process.js:1021:16)
12 verbose stack     at Process.ChildProcess._handle.onexit (internal/child_process.js:286:5)
13 verbose pkgid rd_fronend@0.1.0
14 verbose cwd C:\Users\ASUS\OneDrive\Desktop\New folder\RD-frontend
15 verbose Windows_NT 10.0.19041
16 verbose argv "C:\\Program Files\\nodejs\\node.exe" "C:\\Users\\ASUS\\OneDrive\\Desktop\\KTVN\\Template\\Main Files\\node_modules\\npm\\bin\\npm-cli.js" "run" "prettify" "--" "C:\\Users\\ASUS\\OneDrive\\Desktop\\New folder\\RD-frontend\\src\\app\\containers/Data Declaration/**"
17 verbose node v12.19.0
18 verbose npm  v6.14.8
19 error code ELIFECYCLE
20 error errno 2
21 error rd_fronend@0.1.0 prettify: `prettier --write "C:\Users\ASUS\OneDrive\Desktop\New folder\RD-frontend\src\app\containers/Data Declaration/**"`
21 error Exit status 2
22 error Failed at the rd_fronend@0.1.0 prettify script.
22 error This is probably not a problem with npm. There is likely additional logging output above.
23 verbose exit [ 2, true ]
